SUPPORTED_64_BIT_ABIS=[Ljava.lang.String;@c85e1a1
versionCode=202002182
BOARD=M1E
BOOTLOADER=unknown
TYPE=user
ID=NRD90M
TIME=1559102206000
BRAND=Meizu
TAG=Build
HARDWARE=mt6755
SERIAL=A02AECP82AWGY
SUPPORTED_ABIS=[Ljava.lang.String;@3464fc6
CPU_ABI=arm64-v8a
IS_DEBUGGABLE=false
RADIO=unknown
MANUFACTURER=Meizu
IS_EMULATOR=false
SUPPORTED_32_BIT_ABIS=[Ljava.lang.String;@ec17608
TAGS=release-keys
CPU_ABI2=
UNKNOWN=unknown
PERMISSIONS_REVIEW_REQUIRED=false
USER=flyme
FINGERPRINT=Meizu/meizu_M1E/M1E:7.0/NRD90M/1559100886:user/release-keys
HOST=mz-builder-2
versionName=6.1.0.1_20200218220537_🚀🚀🤖
PRODUCT=meizu_M1E
DISPLAY=Flyme 7.3.0.0A
MODEL=M1 E
DEVICE=M1E
java.lang.NullPointerException: Attempt to invoke virtual method 'android.media.Image android.media.ImageReader.acquireLatestImage()' on a null object reference
	at pers.zhc.tools.floatingdrawing.FloatingDrawingBoardMainActivity.captureScreen(FloatingDrawingBoardMainActivity.java:518)
	at pers.zhc.tools.floatingdrawing.FloatingDrawingBoardMainActivity.pickScreenColor(FloatingDrawingBoardMainActivity.java:510)
	at pers.zhc.tools.floatingdrawing.FloatingDrawingBoardMainActivity.lambda$init$15$FloatingDrawingBoardMainActivity(FloatingDrawingBoardMainActivity.java:405)
	at pers.zhc.tools.floatingdrawing.-$$Lambda$FloatingDrawingBoardMainActivity$9EXDyWImOUEWTEaf6l-YDCR0c9s.onClick(lambda)
	at android.view.View.performClick(View.java:5730)
	at pers.zhc.tools.floatingdrawing.FloatingDrawingBoardMainActivity$1.onTouch(FloatingDrawingBoardMainActivity.java:270)
	at android.view.View.dispatchTouchEvent(View.java:10126)
	at android.widget.TextView.dispatchTouchEvent(TextView.java:11399)
	at android.view.ViewGroup.dispatchTransformedTouchEvent(ViewGroup.java:2782)
	at android.view.ViewGroup.dispatchTouchEvent(ViewGroup.java:2422)
	at android.view.ViewGroup.dispatchTransformedTouchEvent(ViewGroup.java:2782)
	at android.view.ViewGroup.dispatchTouchEvent(ViewGroup.java:2422)
	at android.view.ViewGroup.dispatchTransformedTouchEvent(ViewGroup.java:2782)
	at android.view.ViewGroup.dispatchTouchEvent(ViewGroup.java:2422)
	at android.view.View.dispatchPointerEvent(View.java:10366)
	at android.view.ViewRootImpl$ViewPostImeInputStage.processPointerEvent(ViewRootImpl.java:5040)
	at android.view.ViewRootImpl$ViewPostImeInputStage.onProcess(ViewRootImpl.java:4873)
	at android.view.ViewRootImpl$InputStage.deliver(ViewRootImpl.java:4340)
	at android.view.ViewRootImpl$InputStage.onDeliverToNext(ViewRootImpl.java:4393)
	at android.view.ViewRootImpl$InputStage.forward(ViewRootImpl.java:4359)
	at android.view.ViewRootImpl$AsyncInputStage.forward(ViewRootImpl.java:4506)
	at android.view.ViewRootImpl$InputStage.apply(ViewRootImpl.java:4367)
	at android.view.ViewRootImpl$AsyncInputStage.apply(ViewRootImpl.java:4563)
	at android.view.ViewRootImpl$InputStage.deliver(ViewRootImpl.java:4340)
	at android.view.ViewRootImpl$InputStage.onDeliverToNext(ViewRootImpl.java:4393)
	at android.view.ViewRootImpl$InputStage.forward(ViewRootImpl.java:4359)
	at android.view.ViewRootImpl$InputStage.apply(ViewRootImpl.java:4367)
	at android.view.ViewRootImpl$InputStage.deliver(ViewRootImpl.java:4340)
	at android.view.ViewRootImpl.deliverInputEvent(ViewRootImpl.java:6955)
	at android.view.ViewRootImpl.doProcessInputEvents(ViewRootImpl.java:6929)
	at android.view.ViewRootImpl.enqueueInputEvent(ViewRootImpl.java:6872)
	at android.view.ViewRootImpl$WindowInputEventReceiver.onInputEvent(ViewRootImpl.java:7136)
	at android.view.InputEventReceiver.dispatchInputEvent(InputEventReceiver.java:191)
	at android.os.MessageQueue.nativePollOnce(Native Method)
	at android.os.MessageQueue.next(MessageQueue.java:328)
	at android.os.Looper.loop(Looper.java:148)
	at android.app.ActivityThread.main(ActivityThread.java:6519)
	at java.lang.reflect.Method.invoke(Native Method)
	at com.android.internal.os.ZygoteInit$MethodAndArgsCaller.run(ZygoteInit.java:1113)
	at com.android.internal.os.ZygoteInit.main(ZygoteInit.java:974)
