BOARD=LLD-AL10
CPU_ABI2=
HOST=wh22cb47ad901557827632507-348413158-337lw
versionName=6.1.0.1_20200218184736_🖨🙫🍹🆤
SUPPORTED_64_BIT_ABIS=[Ljava.lang.String;@6dd83ed
CPU_ABI=arm64-v8a
PERMISSIONS_REVIEW_REQUIRED=false
DISPLAY=LLD-AL10 9.1.0.113(C00E111R1P10)
SUPPORTED_ABIS=[Ljava.lang.String;@d19222
FINGERPRINT=HONOR/LLD-AL10/HWLLD-H:9/HONORLLD-AL10/113C00:user/release-keys
PRODUCT=LLD-AL10
HIDE_PRODUCT_INFO=false
ID=HONORLLD-AL10
replacements=[Ljava.lang.String;@93d7a70
HWFINGERPRINT=///LLD-LGRP1-CHN 9.1.0.113/LLD-AL10-CUST 9.1.0.111(C00)/LLD-AL10-PRELOAD 9.1.0.10(C00R1)//
TYPE=user
SERIAL=unknown
NO_HOTA=false
DEVICE=HWLLD-H
TIME=1557833742000
MODEL=LLD-AL10
MANUFACTURER=HUAWEI
USER=test
versionCode=202002182
BRAND=HONOR
SUPPORTED_32_BIT_ABIS=[Ljava.lang.String;@fbb5e17
matchers=[Ljava.lang.String;@c0dc4b3
HARDWARE=hi6250
IS_DEBUGGABLE=false
BOOTLOADER=unknown
RADIO=unknown
UNKNOWN=unknown
IS_EMULATOR=false
TAGS=release-keys
java.lang.NullPointerException: Attempt to read from field 'pers.zhc.u.math.util.ComplexValue pers.zhc.u.math.fourier.EpicyclesSequence$AEpicycle.c' on a null object reference
	at pers.zhc.tools.epicycles.EpicyclesView.render(EpicyclesView.java:239)
	at pers.zhc.tools.epicycles.EpicyclesView.run(EpicyclesView.java:218)
	at java.lang.Thread.run(Thread.java:784)
