SUPPORTED_64_BIT_ABIS=[Ljava.lang.String;@f74e572
versionCode=202002182
BOARD=M1E
BOOTLOADER=unknown
TYPE=user
ID=NRD90M
TIME=1559102206000
BRAND=Meizu
TAG=Build
HARDWARE=mt6755
SERIAL=A02AECP82AWGY
SUPPORTED_ABIS=[Ljava.lang.String;@ada9dc3
CPU_ABI=arm64-v8a
IS_DEBUGGABLE=false
RADIO=unknown
MANUFACTURER=Meizu
IS_EMULATOR=false
SUPPORTED_32_BIT_ABIS=[Ljava.lang.String;@f97d27d
TAGS=release-keys
CPU_ABI2=
UNKNOWN=unknown
PERMISSIONS_REVIEW_REQUIRED=false
USER=flyme
FINGERPRINT=Meizu/meizu_M1E/M1E:7.0/NRD90M/1559100886:user/release-keys
HOST=mz-builder-2
versionName=6.1.0.1_20200218204357_🂸🗰🏞
PRODUCT=meizu_M1E
DISPLAY=Flyme 7.3.0.0A
MODEL=M1 E
DEVICE=M1E
java.lang.UnsatisfiedLinkError: dlopen failed: "/data/data/pers.zhc.tools/files/libs/libex1.so" .dynamic section has invalid link(5) sh_type: 0 (expected SHT_STRTAB)
	at java.lang.Runtime.load0(Runtime.java:897)
	at java.lang.System.load(System.java:1505)
	at pers.zhc.tools.utils.ExternalJNI.lambda$ex$1(ExternalJNI.java:105)
	at pers.zhc.tools.utils.-$$Lambda$ExternalJNI$PRAeK6qVuYh5K09_ag8gADOCfXI.run(lambda)
	at java.lang.Thread.run(Thread.java:761)
