BOARD=LLD-AL10
CPU_ABI2=
HOST=wh22cb47ad901557827632507-348413158-337lw
versionName=6.0.0.0_20200208
SUPPORTED_64_BIT_ABIS=[Ljava.lang.String;@ff06719
CPU_ABI=arm64-v8a
PERMISSIONS_REVIEW_REQUIRED=false
DISPLAY=LLD-AL10 9.1.0.113(C00E111R1P10)
SUPPORTED_ABIS=[Ljava.lang.String;@f1bb3de
FINGERPRINT=HONOR/LLD-AL10/HWLLD-H:9/HONORLLD-AL10/113C00:user/release-keys
PRODUCT=LLD-AL10
HIDE_PRODUCT_INFO=false
ID=HONORLLD-AL10
replacements=[Ljava.lang.String;@ee8688c
HWFINGERPRINT=///LLD-LGRP1-CHN 9.1.0.113/LLD-AL10-CUST 9.1.0.111(C00)/LLD-AL10-PRELOAD 9.1.0.10(C00R1)//
TYPE=user
SERIAL=unknown
NO_HOTA=false
DEVICE=HWLLD-H
TIME=1557833742000
MODEL=LLD-AL10
MANUFACTURER=HUAWEI
USER=test
versionCode=20200208
BRAND=HONOR
SUPPORTED_32_BIT_ABIS=[Ljava.lang.String;@4054660
matchers=[Ljava.lang.String;@b4d69bf
HARDWARE=hi6250
IS_DEBUGGABLE=false
BOOTLOADER=unknown
RADIO=unknown
UNKNOWN=unknown
IS_EMULATOR=false
TAGS=release-keys
android.view.WindowManager$BadTokenException: Unable to add window android.view.ViewRootImpl$W@efa2ef4 -- permission denied for window type 2038
	at android.view.ViewRootImpl.setView(ViewRootImpl.java:958)
	at android.view.WindowManagerGlobal.addView(WindowManagerGlobal.java:398)
	at android.view.WindowManagerImpl.addView(WindowManagerImpl.java:131)
	at android.app.Dialog.show(Dialog.java:531)
	at pers.zhc.tools.floatingdrawing.FloatingDrawingBoardMainActivity.setFilePickerDialog(FloatingDrawingBoardMainActivity.java:1023)
	at pers.zhc.tools.floatingdrawing.FloatingDrawingBoardMainActivity.lambda$importPath$47$FloatingDrawingBoardMainActivity(FloatingDrawingBoardMainActivity.java:1009)
	at pers.zhc.tools.floatingdrawing.-$$Lambda$FloatingDrawingBoardMainActivity$NrbQPxf5qGG3Cg0SpLtZfTdPmJU.action(Unknown Source:6)
	at pers.zhc.tools.utils.PermissionRequester.requestPermission(PermissionRequester.java:22)
	at pers.zhc.tools.floatingdrawing.FloatingDrawingBoardMainActivity.importPath(FloatingDrawingBoardMainActivity.java:1010)
	at pers.zhc.tools.floatingdrawing.FloatingDrawingBoardMainActivity.lambda$init$18$FloatingDrawingBoardMainActivity(FloatingDrawingBoardMainActivity.java:493)
	at pers.zhc.tools.floatingdrawing.-$$Lambda$FloatingDrawingBoardMainActivity$u27r6MW9sm0Tjf8KugWx4-KLO2Y.onClick(Unknown Source:2)
	at android.view.View.performClick(View.java:6663)
	at android.view.View.performClickInternal(View.java:6635)
	at android.view.View.access$3100(View.java:794)
	at android.view.View$PerformClick.run(View.java:26199)
	at android.os.Handler.handleCallback(Handler.java:907)
	at android.os.Handler.dispatchMessage(Handler.java:105)
	at android.os.Looper.loop(Looper.java:216)
	at android.app.ActivityThread.pers.zhc.u.kotlin.main(ActivityThread.java:7593)
	at java.lang.reflect.Method.invoke(Native Method)
	at com.android.internal.os.RuntimeInit$MethodAndArgsCaller.run(RuntimeInit.java:524)
	at com.android.internal.os.ZygoteInit.pers.zhc.u.kotlin.main(ZygoteInit.java:987)
