BOARD=LLD-AL10
CPU_ABI2=
HOST=wh22cb47ad901557827632507-348413158-337lw
versionName=6.0.0.0_20200216
SUPPORTED_64_BIT_ABIS=[Ljava.lang.String;@a07c5f2
CPU_ABI=arm64-v8a
PERMISSIONS_REVIEW_REQUIRED=false
DISPLAY=LLD-AL10 9.1.0.113(C00E111R1P10)
SUPPORTED_ABIS=[Ljava.lang.String;@ecb3443
FINGERPRINT=HONOR/LLD-AL10/HWLLD-H:9/HONORLLD-AL10/113C00:user/release-keys
PRODUCT=LLD-AL10
HIDE_PRODUCT_INFO=false
ID=HONORLLD-AL10
replacements=[Ljava.lang.String;@bc84f3e
HWFINGERPRINT=///LLD-LGRP1-CHN 9.1.0.113/LLD-AL10-CUST 9.1.0.111(C00)/LLD-AL10-PRELOAD 9.1.0.10(C00R1)//
TYPE=user
SERIAL=unknown
NO_HOTA=false
DEVICE=HWLLD-H
TIME=1557833742000
MODEL=LLD-AL10
MANUFACTURER=HUAWEI
USER=test
versionCode=20200216
BRAND=HONOR
SUPPORTED_32_BIT_ABIS=[Ljava.lang.String;@c1fe4fd
matchers=[Ljava.lang.String;@b0ad3f9
HARDWARE=hi6250
IS_DEBUGGABLE=false
BOOTLOADER=unknown
RADIO=unknown
UNKNOWN=unknown
IS_EMULATOR=false
TAGS=release-keys
java.lang.NullPointerException: Attempt to invoke virtual method 'void android.graphics.Canvas.drawColor(int)' on a null object reference
	at pers.zhc.tools.test.DemoSurfaceView$LoopThread.doDraw(SurfaceViewTest.java:172)
	at pers.zhc.tools.test.DemoSurfaceView$LoopThread.run(SurfaceViewTest.java:162)
