SUPPORTED_64_BIT_ABIS=[Ljava.lang.String;@7800814
versionCode=20200127
BOARD=M1E
BOOTLOADER=unknown
TYPE=user
ID=NRD90M
TIME=1559102206000
BRAND=Meizu
TAG=Build
HARDWARE=mt6755
SERIAL=A02AECP82AWGY
SUPPORTED_ABIS=[Ljava.lang.String;@771b8bd
CPU_ABI=arm64-v8a
IS_DEBUGGABLE=false
RADIO=unknown
MANUFACTURER=Meizu
IS_EMULATOR=false
SUPPORTED_32_BIT_ABIS=[Ljava.lang.String;@7d93267
TAGS=release-keys
CPU_ABI2=
UNKNOWN=unknown
PERMISSIONS_REVIEW_REQUIRED=false
USER=flyme
FINGERPRINT=Meizu/meizu_M1E/M1E:7.0/NRD90M/1559100886:user/release-keys
HOST=mz-builder-2
versionName=5.0.0.0_20200127
PRODUCT=meizu_M1E
DISPLAY=Flyme 7.3.0.0A
MODEL=M1 E
DEVICE=M1E
java.lang.NullPointerException: Attempt to read from field 'boolean android.graphics.Path.isSimplePath' on a null object reference
	at android.graphics.Canvas.drawPath(Canvas.java:1446)
	at pers.zhc.tools.floatingdrawing.PaintView.onDraw(PaintView.java:159)
	at android.view.View.draw(View.java:17437)
	at android.view.View.buildDrawingCacheImpl(View.java:16691)
	at android.view.View.buildDrawingCache(View.java:16545)
	at android.view.View.updateDisplayListIfDirty(View.java:16346)
	at android.view.ThreadedRenderer.updateViewTreeDisplayList(ThreadedRenderer.java:661)
	at android.view.ThreadedRenderer.updateRootDisplayList(ThreadedRenderer.java:667)
	at android.view.ThreadedRenderer.draw(ThreadedRenderer.java:775)
	at android.view.ViewRootImpl.draw(ViewRootImpl.java:3232)
	at android.view.ViewRootImpl.performDraw(ViewRootImpl.java:3019)
	at android.view.ViewRootImpl.performTraversals(ViewRootImpl.java:2603)
	at android.view.ViewRootImpl.doTraversal(ViewRootImpl.java:1492)
	at android.view.ViewRootImpl$TraversalRunnable.run(ViewRootImpl.java:7103)
	at android.view.Choreographer$CallbackRecord.run(Choreographer.java:921)
	at android.view.Choreographer.doCallbacks(Choreographer.java:723)
	at android.view.Choreographer.doFrame(Choreographer.java:658)
	at android.view.Choreographer$FrameDisplayEventReceiver.run(Choreographer.java:907)
	at android.os.Handler.handleCallback(Handler.java:836)
	at android.os.Handler.dispatchMessage(Handler.java:103)
	at android.os.Looper.loop(Looper.java:203)
	at android.app.ActivityThread.pers.zhc.u.kotlin.main(ActivityThread.java:6519)
	at java.lang.reflect.Method.invoke(Native Method)
	at com.android.internal.os.ZygoteInit$MethodAndArgsCaller.run(ZygoteInit.java:1113)
	at com.android.internal.os.ZygoteInit.pers.zhc.u.kotlin.main(ZygoteInit.java:974)
