BOARD=LLD-AL10
CPU_ABI2=
HOST=wh22cb47ad901557827632507-348413158-337lw
versionName=6.0.0.0_20200208
SUPPORTED_64_BIT_ABIS=[Ljava.lang.String;@f909a62
CPU_ABI=arm64-v8a
PERMISSIONS_REVIEW_REQUIRED=false
DISPLAY=LLD-AL10 9.1.0.113(C00E111R1P10)
SUPPORTED_ABIS=[Ljava.lang.String;@967c7f3
FINGERPRINT=HONOR/LLD-AL10/HWLLD-H:9/HONORLLD-AL10/113C00:user/release-keys
PRODUCT=LLD-AL10
HIDE_PRODUCT_INFO=false
ID=HONORLLD-AL10
replacements=[Ljava.lang.String;@b7b4729
HWFINGERPRINT=///LLD-LGRP1-CHN 9.1.0.113/LLD-AL10-CUST 9.1.0.111(C00)/LLD-AL10-PRELOAD 9.1.0.10(C00R1)//
TYPE=user
SERIAL=unknown
NO_HOTA=false
DEVICE=HWLLD-H
TIME=1557833742000
MODEL=LLD-AL10
MANUFACTURER=HUAWEI
USER=test
versionCode=20200208
BRAND=HONOR
SUPPORTED_32_BIT_ABIS=[Ljava.lang.String;@b0e852d
matchers=[Ljava.lang.String;@90e5cb0
HARDWARE=hi6250
IS_DEBUGGABLE=false
BOOTLOADER=unknown
RADIO=unknown
UNKNOWN=unknown
IS_EMULATOR=false
TAGS=release-keys
java.util.ConcurrentModificationException
	at java.util.LinkedList$ListItr.checkForComodification(LinkedList.java:967)
	at java.util.LinkedList$ListItr.next(LinkedList.java:889)
	at pers.zhc.tools.floatingdrawing.PaintView.redrawCanvas(PaintView.java:669)
	at pers.zhc.tools.floatingdrawing.PaintView.access$300(PaintView.java:25)
	at pers.zhc.tools.floatingdrawing.PaintView$1.onTwoPointPress(PaintView.java:151)
	at pers.zhc.tools.utils.GestureResolver.onTouch(GestureResolver.java:57)
	at pers.zhc.tools.floatingdrawing.PaintView.onTouchEvent(PaintView.java:330)
	at android.view.View.dispatchTouchEvent(View.java:12632)
	at android.view.View.dispatchPointerEvent(View.java:12877)
	at android.view.ViewRootImpl$ViewPostImeInputStage.processPointerEvent(ViewRootImpl.java:5771)
	at android.view.ViewRootImpl$ViewPostImeInputStage.onProcess(ViewRootImpl.java:5535)
	at android.view.ViewRootImpl$InputStage.deliver(ViewRootImpl.java:4983)
	at android.view.ViewRootImpl$InputStage.onDeliverToNext(ViewRootImpl.java:5036)
	at android.view.ViewRootImpl$InputStage.forward(ViewRootImpl.java:5002)
	at android.view.ViewRootImpl$AsyncInputStage.forward(ViewRootImpl.java:5157)
	at android.view.ViewRootImpl$InputStage.apply(ViewRootImpl.java:5010)
	at android.view.ViewRootImpl$AsyncInputStage.apply(ViewRootImpl.java:5214)
	at android.view.ViewRootImpl$InputStage.deliver(ViewRootImpl.java:4983)
	at android.view.ViewRootImpl$InputStage.onDeliverToNext(ViewRootImpl.java:5036)
	at android.view.ViewRootImpl$InputStage.forward(ViewRootImpl.java:5002)
	at android.view.ViewRootImpl$InputStage.apply(ViewRootImpl.java:5010)
	at android.view.ViewRootImpl$InputStage.deliver(ViewRootImpl.java:4983)
	at android.view.ViewRootImpl.deliverInputEvent(ViewRootImpl.java:7803)
	at android.view.ViewRootImpl.doProcessInputEvents(ViewRootImpl.java:7768)
	at android.view.ViewRootImpl.enqueueInputEvent(ViewRootImpl.java:7726)
	at android.view.ViewRootImpl$WindowInputEventReceiver.onInputEvent(ViewRootImpl.java:8007)
	at android.view.InputEventReceiver.dispatchInputEvent(InputEventReceiver.java:202)
	at android.os.MessageQueue.nativePollOnce(Native Method)
	at android.os.MessageQueue.next(MessageQueue.java:386)
	at android.os.Looper.loop(Looper.java:175)
	at android.app.ActivityThread.pers.zhc.u.kotlin.main(ActivityThread.java:7593)
	at java.lang.reflect.Method.invoke(Native Method)
	at com.android.internal.os.RuntimeInit$MethodAndArgsCaller.run(RuntimeInit.java:524)
	at com.android.internal.os.ZygoteInit.pers.zhc.u.kotlin.main(ZygoteInit.java:987)
