BOARD=LLD-AL10
CPU_ABI2=
HOST=wh22cb47ad901557827632507-348413158-337lw
versionName=6.1.0.1_20200218204048_🁖🗛
SUPPORTED_64_BIT_ABIS=[Ljava.lang.String;@5c861ff
CPU_ABI=arm64-v8a
PERMISSIONS_REVIEW_REQUIRED=false
DISPLAY=LLD-AL10 9.1.0.113(C00E111R1P10)
SUPPORTED_ABIS=[Ljava.lang.String;@e679bcc
FINGERPRINT=HONOR/LLD-AL10/HWLLD-H:9/HONORLLD-AL10/113C00:user/release-keys
PRODUCT=LLD-AL10
HIDE_PRODUCT_INFO=false
ID=HONORLLD-AL10
replacements=[Ljava.lang.String;@f2bb52a
HWFINGERPRINT=///LLD-LGRP1-CHN 9.1.0.113/LLD-AL10-CUST 9.1.0.111(C00)/LLD-AL10-PRELOAD 9.1.0.10(C00R1)//
TYPE=user
SERIAL=unknown
NO_HOTA=false
DEVICE=HWLLD-H
TIME=1557833742000
MODEL=LLD-AL10
MANUFACTURER=HUAWEI
USER=test
versionCode=202002182
BRAND=HONOR
SUPPORTED_32_BIT_ABIS=[Ljava.lang.String;@9c2651e
matchers=[Ljava.lang.String;@f5dae15
HARDWARE=hi6250
IS_DEBUGGABLE=false
BOOTLOADER=unknown
RADIO=unknown
UNKNOWN=unknown
IS_EMULATOR=false
TAGS=release-keys
java.lang.NegativeArraySizeException: -1
	at pers.zhc.tools.epicycles.ComplexFunction.getFunction(ComplexFunction.java:42)
	at pers.zhc.tools.epicycles.ComplexGraphDrawing.lambda$onBackPressed$6$ComplexGraphDrawing(ComplexGraphDrawing.java:70)
	at pers.zhc.tools.epicycles.-$$Lambda$ComplexGraphDrawing$vVXTBjoOC2dQIV32f6Pf5qVMwYI.onClick(Unknown Source:4)
	at com.android.internal.app.AlertController$ButtonHandler.handleMessage(AlertController.java:174)
	at android.os.Handler.dispatchMessage(Handler.java:112)
	at android.os.Looper.loop(Looper.java:216)
	at android.app.ActivityThread.main(ActivityThread.java:7593)
	at java.lang.reflect.Method.invoke(Native Method)
	at com.android.internal.os.RuntimeInit$MethodAndArgsCaller.run(RuntimeInit.java:524)
	at com.android.internal.os.ZygoteInit.main(ZygoteInit.java:987)
