SUPPORTED_64_BIT_ABIS=[Ljava.lang.String;@35a775c
versionCode=20200208
BOARD=M1E
BOOTLOADER=unknown
TYPE=user
ID=NRD90M
TIME=1559102206000
BRAND=Meizu
TAG=Build
HARDWARE=mt6755
SERIAL=A02AECP82AWGY
SUPPORTED_ABIS=[Ljava.lang.String;@b0b0a65
CPU_ABI=arm64-v8a
IS_DEBUGGABLE=false
RADIO=unknown
MANUFACTURER=Meizu
IS_EMULATOR=false
SUPPORTED_32_BIT_ABIS=[Ljava.lang.String;@43631cf
TAGS=release-keys
CPU_ABI2=
UNKNOWN=unknown
PERMISSIONS_REVIEW_REQUIRED=false
USER=flyme
FINGERPRINT=Meizu/meizu_M1E/M1E:7.0/NRD90M/1559100886:user/release-keys
HOST=mz-builder-2
versionName=6.0.0.0_20200208
PRODUCT=meizu_M1E
DISPLAY=Flyme 7.3.0.0A
MODEL=M1 E
DEVICE=M1E
java.lang.NullPointerException: Attempt to invoke virtual method 'void android.graphics.Canvas.drawColor(int)' on a null object reference
	at pers.zhc.tools.test.MySurfaceView.drawing(S.java:61)
	at pers.zhc.tools.test.MySurfaceView.run(S.java:57)
	at java.lang.Thread.run(Thread.java:761)
