BOARD=LLD-AL10
CPU_ABI2=
HOST=wh22cb47ad901557827632507-348413158-337lw
versionName=6.1.0.1_20200218204048_🁖🗛
SUPPORTED_64_BIT_ABIS=[Ljava.lang.String;@90fed72
CPU_ABI=arm64-v8a
PERMISSIONS_REVIEW_REQUIRED=false
DISPLAY=LLD-AL10 9.1.0.113(C00E111R1P10)
SUPPORTED_ABIS=[Ljava.lang.String;@e4d05c3
FINGERPRINT=HONOR/LLD-AL10/HWLLD-H:9/HONORLLD-AL10/113C00:user/release-keys
PRODUCT=LLD-AL10
HIDE_PRODUCT_INFO=false
ID=HONORLLD-AL10
replacements=[Ljava.lang.String;@250c179
HWFINGERPRINT=///LLD-LGRP1-CHN 9.1.0.113/LLD-AL10-CUST 9.1.0.111(C00)/LLD-AL10-PRELOAD 9.1.0.10(C00R1)//
TYPE=user
SERIAL=unknown
NO_HOTA=false
DEVICE=HWLLD-H
TIME=1557833742000
MODEL=LLD-AL10
MANUFACTURER=HUAWEI
USER=test
versionCode=202002182
BRAND=HONOR
SUPPORTED_32_BIT_ABIS=[Ljava.lang.String;@219fa7d
matchers=[Ljava.lang.String;@65f0e40
HARDWARE=hi6250
IS_DEBUGGABLE=false
BOOTLOADER=unknown
RADIO=unknown
UNKNOWN=unknown
IS_EMULATOR=falseFloatingDrawingBoardMainActivity
TAGS=release-keys
java.lang.RuntimeException: Failure delivering result ResultInfo{who=null, request=7, result=-1, data=Intent { (has extras) }} to activity {pers.zhc.tools/pers.zhc.tools.floatingdrawing.FloatingDrawingBoardMainActivity}: java.lang.NullPointerException: Attempt to invoke virtual method 'android.hardware.display.VirtualDisplay android.media.projection.MediaProjection.createVirtualDisplay(java.lang.String, int, int, int, int, android.view.Surface, android.hardware.display.VirtualDisplay$Callback, android.os.Handler)' on a null object reference
	at android.app.ActivityThread.deliverResults(ActivityThread.java:5051)
	at android.app.ActivityThread.handleSendResult(ActivityThread.java:5093)
	at android.app.servertransaction.ActivityResultItem.execute(ActivityResultItem.java:49)
	at android.app.servertransaction.TransactionExecutor.executeCallbacks(TransactionExecutor.java:108)
	at android.app.servertransaction.TransactionExecutor.execute(TransactionExecutor.java:68)
	at android.app.ActivityThread$H.handleMessage(ActivityThread.java:2185)
	at android.os.Handler.dispatchMessage(Handler.java:112)
	at android.os.Looper.loop(Looper.java:216)
	at android.app.ActivityThread.main(ActivityThread.java:7593)
	at java.lang.reflect.Method.invoke(Native Method)
	at com.android.internal.os.RuntimeInit$MethodAndArgsCaller.run(RuntimeInit.java:524)
	at com.android.internal.os.ZygoteInit.main(ZygoteInit.java:987)
Caused by: java.lang.NullPointerException: Attempt to invoke virtual method 'android.hardware.display.VirtualDisplay android.media.projection.MediaProjection.createVirtualDisplay(java.lang.String, int, int, int, int, android.view.Surface, android.hardware.display.VirtualDisplay$Callback, android.os.Handler)' on a null object reference
	at pers.zhc.tools.floatingdrawing.FloatingDrawingBoardMainActivity.showScreenColorPicker(FloatingDrawingBoardMainActivity.java:540)
	at pers.zhc.tools.floatingdrawing.FloatingDrawingBoardMainActivity.onActivityResult(FloatingDrawingBoardMainActivity.java:524)
	at android.app.Activity.dispatchActivityResult(Activity.java:7797)
	at android.app.ActivityThread.deliverResults(ActivityThread.java:5044)
	... 11 more
java.lang.NullPointerException: Attempt to invoke virtual method 'android.hardware.display.VirtualDisplay android.media.projection.MediaProjection.createVirtualDisplay(java.lang.String, int, int, int, int, android.view.Surface, android.hardware.display.VirtualDisplay$Callback, android.os.Handler)' on a null object reference
	at pers.zhc.tools.floatingdrawing.FloatingDrawingBoardMainActivity.showScreenColorPicker(FloatingDrawingBoardMainActivity.java:540)
	at pers.zhc.tools.floatingdrawing.FloatingDrawingBoardMainActivity.onActivityResult(FloatingDrawingBoardMainActivity.java:524)
	at android.app.Activity.dispatchActivityResult(Activity.java:7797)
	at android.app.ActivityThread.deliverResults(ActivityThread.java:5044)
	at android.app.ActivityThread.handleSendResult(ActivityThread.java:5093)
	at android.app.servertransaction.ActivityResultItem.execute(ActivityResultItem.java:49)
	at android.app.servertransaction.TransactionExecutor.executeCallbacks(TransactionExecutor.java:108)
	at android.app.servertransaction.TransactionExecutor.execute(TransactionExecutor.java:68)
	at android.app.ActivityThread$H.handleMessage(ActivityThread.java:2185)
	at android.os.Handler.dispatchMessage(Handler.java:112)
	at android.os.Looper.loop(Looper.java:216)
	at android.app.ActivityThread.main(ActivityThread.java:7593)
	at java.lang.reflect.Method.invoke(Native Method)
	at com.android.internal.os.RuntimeInit$MethodAndArgsCaller.run(RuntimeInit.java:524)
	at com.android.internal.os.ZygoteInit.main(ZygoteInit.java:987)
